{"/Users/mangogan/workspace/github/jest_totuiral/cocos_creator/ts/assets/btnHandler.ts": {"path":"/Users/mangogan/workspace/github/jest_totuiral/cocos_creator/ts/assets/btnHandler.ts","statementMap":{"0":{"start":{"line":1,"column":6},"end":{"line":1,"column":7}},"1":{"start":{"line":1,"column":7},"end":{"line":1,"column":14}},"2":{"start":{"line":1,"column":16},"end":{"line":1,"column":41}},"3":{"start":{"line":4,"column":0},"end":{"line":4,"column":null}},"4":{"start":{"line":4,"column":40},"end":{"line":4,"column":42}},"5":{"start":{"line":4,"column":0},"end":{"line":4,"column":21}},"6":{"start":{"line":7,"column":4},"end":{"line":7,"column":29}},"7":{"start":{"line":10,"column":4},"end":{"line":10,"column":27}},"8":{"start":{"line":12,"column":4},"end":{"line":17,"column":null}},"9":{"start":{"line":13,"column":8},"end":{"line":13,"column":28}},"10":{"start":{"line":14,"column":8},"end":{"line":16,"column":null}},"11":{"start":{"line":15,"column":12},"end":{"line":15,"column":78}},"12":{"start":{"line":7,"column":4},"end":{"line":7,"column":null}},"13":{"start":{"line":10,"column":4},"end":{"line":10,"column":null}},"14":{"start":{"line":4,"column":21},"end":{"line":18,"column":null}},"15":{"start":{"line":18,"column":0},"end":{"line":18,"column":null}},"16":{"start":{"line":4,"column":21},"end":{"line":4,"column":40}}},"fnMap":{"0":{"name":"(anonymous_7)","decl":{"start":{"line":4,"column":0},"end":{"line":4,"column":21}},"loc":{"start":{"line":4,"column":0},"end":{"line":4,"column":21}}},"1":{"name":"(anonymous_9)","decl":{"start":{"line":12,"column":4},"end":{"line":12,"column":11}},"loc":{"start":{"line":12,"column":23},"end":{"line":17,"column":5}}}},"branchMap":{"0":{"loc":{"start":{"line":4,"column":0},"end":{"line":4,"column":21}},"type":"binary-expr","locations":[{"start":{"line":4,"column":0},"end":{"line":4,"column":21}},{"start":{"line":4,"column":0},"end":{"line":4,"column":21}},{"start":{"line":4,"column":0},"end":{"line":4,"column":21}}]},"1":{"loc":{"start":{"line":14,"column":8},"end":{"line":16,"column":null}},"type":"if","locations":[{"start":{"line":14,"column":8},"end":{"line":16,"column":null}},{"start":{"line":14,"column":8},"end":{"line":16,"column":null}}]},"2":{"loc":{"start":{"line":15,"column":61},"end":{"line":15,"column":65}},"type":"cond-expr","locations":[{"start":{"line":15,"column":61},"end":{"line":15,"column":65}},{"start":{"line":15,"column":68},"end":{"line":15,"column":77}}]}},"s":{"0":1,"1":1,"2":1,"3":1,"4":1,"5":2,"6":2,"7":2,"8":1,"9":1,"10":1,"11":1,"12":1,"13":1,"14":1,"15":1,"16":1},"f":{"0":3,"1":1},"b":{"0":[2,2,2],"1":[1,0],"2":[1,0]}}
}
